Server is ready
Pipe name\\.\pipe\cmdPipe
Successfully connected with process with PID 0
Successfully disconnected with process with PID 0
A thread has terminated
Successfully connected with process with PID 0
Successfully disconnected with process with PID 0
A thread has terminated
Successfully connected with process with PID 0
Successfully disconnected with process with PID 0
A thread has terminated
Successfully connected with process with PID 0
Successfully disconnected with process with PID 0
A thread has terminated
Successfully connected with process with PID 0
Successfully connected with process with PID 0
Successfully disconnected with process with PID 0
A thread has terminated
Successfully disconnected with process with PID 0
A thread has terminated
Successfully connected with process with PID 0
Successfully disconnected with process with PID 0
A thread has terminated
Successfully connected with process with PID 0
Successfully disconnected with process with PID 0
A thread has terminated
Successfully connected with process with PID 0
Successfully disconnected with process with PID 0
A thread has terminated
Successfully connected with process with PID 0
Successfully disconnected with process with PID 0
A thread has terminated
Successfully connected with process with PID 0
Successfully disconnected with process with PID 0
A thread has terminated
Successfully connected with process with PID 0
Successfully disconnected with process with PID 0
A thread has terminated
Successfully connected with process with PID 0
Successfully disconnected with process with PID 0
A thread has terminated
Successfully connected with process with PID 0
Successfully disconnected with process with PID 0
A thread has terminated
Successfully connecSuccessfully connected with process with PID 0
Successfully disconnected with process with PID 0
A thread has terminated
ted with process with PID 0
Successfully disconnected with process with PID 0
A thread has terminated
Successfully connected with process with PID 0
Successfully disconnected with process with PID 0
A thread has terminated
Successfully connected with process with PID Successfully connected with process with PID 0
0Successfully disconnected with process with PID 0
A thread has terminated

Successfully disconnected with process with PID 0
A thread has terminated
Successfully connected with process with PID 0
Successfully disconnected with process with PID 0
A thread has terminated
Successfully connected with process with PID 0
Successfully disconnected with process with PID Succes0sfully connect
ed with process with PID 0A thread has terminated

Successfully disconnected with process with PID 0
A thread has terminated
Successfully connected with process with PID 0
Successfully disconnected with process with PID 0
A thread has terminated
Successfully connected with process with PID 0
Successfully disconnected with process with PID 0
A thread has terminated
Successfully connected with process with PID 0
Successfully connected with process with PID Successfully disconnected with p0rocess with PID 
0Successfully disconnected with process with PID 0
A thread has terminated

A thread has terminated
Successfully connected with process with PID 0
Successfully disconnected with process with PID 0
A thread has terminated
Successfully connected with process with PID 0
Successfully disconnected with process with PID 0
A thread has terminated
Successfully connected with process with PID 0
Successfully disconnected with process with PID 0
A thread has terminated
Successfully connected with process with PID 0
Successfully disconnected with process with PID 0
A thread has terminated
Successfully connected with process with PID 0
Successfully disconnected with process with PID 0
A thread has terminated
Successfully connected with process with PID 0
Successfully disconnected with process with PID 0
A thread has terminated
Successfully connected with process with PID 0
Successfully disconnected with process with PID 0
A thread has terminated
Successfully connected with process with PID 0
Successfully disconnected with process with PID 0
A thread has terminated
Successfully connected with process with PID 0
Successfully disconnected with process with PID 0
A thread has terminated
Successfully connected with process with PID 0
Successfully disconnected with process with PID 0
A thread has terminated
Successfully connected with process with PID 0
Successfully disconnected with process with PID 0
A thread has terminated
SucSuccesscessfully fulconnecly connected with process with PID ted with process with PID 0
0
Successfully disconnected with process with PID 0
Successfully disconnected with process with PID 0
A thread has terminated
A thread has terminated
Successfully connected with process with PID 0
Successfully disconnected with process with PID 0
A thread has terminated
Successfully connected with process with PID 0
Successfully disconnected with process with PID 0
A thread has terminated
Successfully connected with process with PID 0
Successfully disconnected with process with PID 0
A thread has terminated
Successfully connected with process with PID 0
Successfully disconnected with process with PID 0
A thread has terminated
Successfully connected with process with PID 0
Successfully disconnected with process with PID 0
A thread has terminated
Successfully connected with process with PID 0
Successfully disconnected with process with PID 0
Successfully connected with process with PID 0
Successfully disconnected with process with PID 0
A thread has terminated
A thread has terminated
Successfully connected with process with PID 0
Successfully disconnected with process with PID 0
Successfully connected withA thread has terminated
 process with PID 0
Successfully disconnected with process with PID 0
A thread has terminated
Successfully connected with process with PID 0
Successfully disconnected with process with PID 0
A thread has terminated
Successfully connected with process with PID 0
SuccSuccessfully disconnected with pressfully connected with prooccess with PID ess with PID 00

Successfully disconnected with process with PID 0
A thread has terminated
A thread has terminated
Successfully connected with process with PID 0
Successfully connected with process with PID Successfully disconnected with process with PID 00

Successfully connected with process with PID 0
A thread has terminated
Successfully disconnected with process with PID 0
A thread has terminated
Successfully disconnected with process with PID 0
A thread has terminated
Successfully connected with process with PID 0
Successfully connected with process with PID Successfully disconnected with process with PID 0
0Successfully disconnected with process with PID 0
Successfully connected with process with PID 0
Successfully disconnected with process with PID 0

AA thre thread has terminated
ad has terminated
A thread has terminated
Successfully connected with process with PID 0
Successfully disconnected with process with PID 0
A Successfully connected with process with PID Successfully connected with process with PID 0
0
Successfully disconnected with process with PID 0
A thread has terminated
thread has terminated
Successfully disconnected with process with PID 0
A thread has terminated
Successfully connected with process with PID 0
Successfully disconnected with process with PID 0
A thread has terminated
Successfully connected with process with PID 0
Successfully disconnected with process with PID 0
A thread has terminated
Successfully connected with process with PID 0
Successfully disconnected with process with PID 0
A thread has terminated
Successfully connected with process with PID 0
Successfully disconnected with process with PID 0
A thread has terminated
Successfully connected with process with PID 0
Successfully disconnected with process with PID 0
A thread has terminated
Successfully connected with process with PID 0
Successfully disconnected with process with PID 0
A thread has terminated
Successfully connected with process with PID 0
Successfully disconnected with process with PID 0
A thread has terminated
Successfully connected with process with PID 0
Successfully disconnected with process with PID 0
A thread has terminated
Successfully connected with process with PID 0
Successfully disconnected with process with PID 0
A thread has terminated
Successfully connected with process with PID 0
Successfully disconnected with process with PID 0
A thread has terminated
Successfully connected with process with PID 0
Successfully disconnected with process with PID 0
A thread has terminated
Successfully connected with process with PID 0
Successfully disconnected with process with PID 0
A thread has terminated
Successfully connected with process with PID 0
Successfully disconnected with process with PID 0
A thread has terminated
Successfully connected with process with PID 0
Successfully disconnected with process with PID 0
A thread has terminated
Successfully connected with process with PID 0
Successfully disconnected with process with PID 0
A thread has terminated
Successfully connected with process with PID 0
Successfully disconnected with process with PID 0
A thread has terminated
Successfully connected with process with PID 0
Successfully disconnected with process with PID 0
A thread has terminated
Successfully connected with process with PID 0
Successfully disconnected with process with PID 0
A thread has terminated
Successfully connected with process with PID 0
Successfully disconnected with process with PID 0
A thread has terminated
Successfully connected with process with PID 0
Successfully disconnected with process with PID 0
A thread has terminated
Successfully connected with process with PID 0
Successfully disconnected with process with PID 0
A thread has terminated
Successfully connected with process with PID 0
Successfully disconnected with process with PID 0
A thread has terminated
Successfully connected with process with PID 0
Successfully connected with process with PID 0
Successfully disconnected with process with PID 0
Successfully disconnected with process with PID 0A thread has terminat
ed
A thread has terminated
Successfully connected with process with PID 0
Successfully disconnected with process with PID 0
A thread has terminated
Successfully connected with process with PID 0
Successfully disconnected with process with PID 0
A thread has terminated
Successfully connected with process with PID 0
Successfully connected with process with PID 0Successfully disconnected with proces
s with PID 0
A thread has terminated
Successfully disconnected with process with PID 0
A thread has terminated
Successfully connected with process with PID 0
Successfully disconnected with process with PID 0
A thread has terminated
Successfully connected with process with PID 0
Successfully disconnected with process with PID S0uccessfully connected with process w
ith PID A thread has terminated
0
Successfully disconnected with process with PID 0
A thread has terminated
Successfully connected with process with PID 0
Successfully disconnected with process with PID 0
A thread has terminated
Successfully connected with process with PID 0Successfully connected with process with PID 
Successfully disconnected with process with PID 00

SuAc tcehreadss has terfully disconneminated
cted with process with PID 0
A thread has terminated
Successfully connected with process with PID 0
Successfully disconnected with process with PID 0
A thread has terminated
Successfully connected with process with PID 0
Successfully disconnected with process with PID 0
A thread has terminated
Successfully connected with process with PID 0
Successfully disconnected with process with PID 0
A thread has terminated
Successfully connected with process with PID 0
Successfully connected with process with PID Successfully disconnected with process with PID 00

Successfully disconnected with process with PID A thread has terminated
0
A thread has terminated
Successfully connected with process with PID 0
Successfully disconnected with process with PID 0
A thread has terminated
Successfully connected with process with PID 0
Successfully disconnected with process with PID 0
A thread has terminated
Successfully connected with process with PID 0
Successfully disconnected with process with PID 0
Successfully connected with process with PID 0
Successfully disconnected with process with PID 0
A thread has terminated
A thread has terminated
Successfully connected with process Successfully connected with process with PID with PID 00

Successfully disconnected with process with PID 0
Successfully diA thread has terminated
sconnected with process with PID 0
A thread has terminated
Successfully connected with process with PID 0
Successfully connected with process with PID Successfully disconnected with process with PI0D 
0Successfully disconnected with process with PID 0

A thread has terminated
A thread has terminated
Successfully connected with process with PID 0
Successfully disconnected with process with PID 0
Successfully connected with process with PID 0
Successfully disconnected with process with PID 0
A thread has terminated
A thread has terminated
Successfully connected with process with PID 0
Successfully disconnected with process with PID 0
A thread has terminated
Successfully connected with process with PID 0
Successfully connected with process with PID 0
Successfully disconnected with process with PID 0
A thread has terminated
Successfully connected with process with PID 0
Successfully disconnected with process with PID 0
Successfully disconnected with process with PID A thread has terminated
0
A thread has terminated
Successfully connected with process with PID 0
Successfully disconnected with process with PID 0
A thread has terminated
Successfully connected with process with PID 0
Successfully disconnected with process with PID 0
A thread has terminated
Successfully connected with process with PID 0
Successfully disconnected with process with PID 0
A thread has terminated
Successfully connected with process with PID 0
Successfully disconnected with process with PID 0
A thread has terminated
Successfully connected with process with PID 0
Successfully disconnected with process with PID 0
A thread has terminated
Successfully connected with process with PID 0
Successfully disconnected with process with PID 0
A thread has terminated
Successfully connected with process with PID 0
Successfully disconnected with process with PID 0
A thread has terminated
Successfully connected with process with PID 0
Successfully disconnected with process with PID 0
A thread has terminated
Successfully connected with process with PID 0
Successfully disconnected with process with PID 0
A thread has terminated
Successfully connected with process with PID 0
Successfully disconnected with process with PID 0
A thread has terminated
Successfully connected with process with PID 0
Successfully disconnected with process with PID 0
A thread has terminated
Successfully connected with process with PID 0
Successfully disconnected with process with PID 0
A thread has terminated
Successfully connected with process with PID 0
Successfully disconnected with process with PID 0
A thread has terminated
Successfully connected with process with PID 0
Successfully disconnected with process with PID 0
A thread has terminated
Successfully connected with process with PID 0
Successfully connected with process with PID Successfully disconnected with process with PID 00

Successfully disconnected with process with PID 0
A thread has terminated
A thread has terminated
Successfully connected with process with PID 0
Successfully disconnected with process with PID 0
A thread has terminated
Successfully connected with process with PID 0
Successfully disconnected with process with PID 0
A thread has terminated
Successfully connected with process with PID 0
Successfully disconnected with process with PID 0
A thread has terminated
Successfully connected with process with PID 0
Successfully disconnected with process with PID 0
A thread has terminated
Successfully connected with process with PID 0
Successfully disconnected with process with PID 0
A thread has terminated
Successfully connected with process with PID 0
Successfully connected with process with PID 0
Successfully disconnected with process with PID 0
A thread has terminated
Successfully disconnected with process with PID 0
A thread has terminated
Successfully connected with process with PID 0
Successfully disconnected with process with PID 0
A thread has terminated
Successfully connected with process with PID 0
Successfully disconnected with process with PID 0
A thread has terminated
Successfully connected with process with PID 0
Successfully disconnected with process with PID 0
A thread has terminated
Successfully connected with process with PID 0
Successfully disconnected with process with PID 0
A thread has terminated
Successfully connected with process with PID 0
Successfully disconnected with process with PID 0
Successfully connected with process with PID 0
Successfully disconnected with process with PID A0 thread has terminat
ed
A thread has terminated
Successfully connected with process with PID 0
Successfully disconnected with process with PID 0
A thread has terminated
Successfully connected with process with PID 0
Successfully disconnected with process with PID 0
A thread has terminated
Successfully connected with process with PID 0
Successfully disconnected with process with PID 0
A thread has terminated
Successfully connected with process with PID 0
Successfully disconnected with process with PID 0
A thread has terminated
Successfully connected with process with PID 0
Successfully disconnected with process with PID 0
A thread has terminated
Successfully connected with process with PID 0
Successfully disconnected with process with PID 0
A thread has terminated
Successfully connected with process with PID 0
Successfully disconnected with process with PID 0
A thread has terminated
Successfully connected with process with PID 0
Successfully disconnected with process with PID 0
A thread has terminated
Successfully connected with process with PID 0
Successfully disconnected with process with PID 0
A thread has terminated
Successfully connected with process with PID 0
Successfully disconnected with process with PID 0
A thread has terminated
Successfully connected with process with PID 0
Successfully disconnected with process with PID 0
A thread has terminated
Successfully connected with process with PID 0
Successfully disconnected with process with PID 0
A thread has terminated
Successfully connected with process with PID 0
Successfully disconnected with process with PID 0
A thread has terminated
Successfully connected with process with PID 0
Successfully disconnected with process with PID 0
A thread has terminated
Successfully connected with process with PID 0
Successfully disconnected with process with PID 0
A thread has terminated
Successfully connected with process with PID 0
Successfully disconnected with process with PID 0
A thread has terminated
Successfully connected with process with PID 0
Successfully disconnected with process with PID 0
A thread has terminated
Successfully connected with process with PID 0
Successfully disconnected with process with PID 0
A thread has terminated
Successfully connected with process with PID 0
Successfully disconnected with process with PID 0
A thread has terminated
Successfully connected with process with PID 0
Successfully disconnected with process with PID 0
A thread has terminated
Successfully connected with process with PID 0
Successfully disconnected with process with PID Successfully connected with process with PID 0
0
Successfully connected with process with PID 0
SuccessfSuccessfully disconnected with process with PID 0
A thread has terminated
A thread has terminated
ully disconnected with process with PID 0
A thread has terminated
Successfully connected with process with PID 0
Successfully disconnected with process with PID 0
A thread has terminated
Successfully connected with process with PID 0
Successfully disconnected with process with PID 0
A thread has terminated
Successfully connected with process with PID 0
Successfully disconnected with process with PID 0
A thread has terminated
Successfully connected with process with PID 0
Successfully disconnected with process with PID 0
A thread has terminated
Successfully connected with process with PID 0
Successfully disconnected with process with PID 0
A thread has terminated
Successfully connected with process with PID 0
Successfully disconnected with process with PID 0
A thread has terminated
Successfully connected with process with PID 0
Successfully disconnected with process with PID 0
A thread has terminated
Successfully connected with process with PID 0
Successfully disconnected with process with PID 0
A thread has terminated
Successfully connected with process with PID 0
Successfully disconnected with process with PID 0
A thread has terminated
Successfully connected with process with PID 0
Successfully disconnected with process with PID 0
A thread has terminated
Successfully connected with process with PID 0
Successfully disconnected with process with PID 0
A thread has terminated
Successfully connected with process with PID 0
Successfully disconnected with process with PID 0
A thread has terminated
Successfully connected with process with PID 0
Successfully disconnected with process with PID 0
A thread has terminated
Successfully connected with process with PID 0
Successfully disconnected with process with PID 0
A thread has terminated
Successfully connected with process with PID 0
Successfully disconnected with process with PID 0
A thread has terminated
Successfully connected with process with PID 0
Successfully disconnected with process with PID 0
A thread has terminated
Successfully connected with process with PID 0
Successfully disconnected with process with PID 0
A thread has terminated
Successfully connected with process with PID 0
Successfully disconnected with process with PID 0
A thread has terminated
Successfully connected with process with PID 0
Successfully disconnected with process with PID 0
A thread has terminated
Successfully connected with process with PID 0
Successfully disconnected with process with PID 0
A thread has terminated
Successfully connected with process with PID 0
Successfully disconnected with process with PID 0
A thread has terminated
Successfully connected with process with PID 0
Successfully disconnected with process with PID 0
A thread has terminated
Successfully connected with process with PID 0
Successfully disconnected with process with PID 0
A thread has terminated
Successfully connected with process with PID 0
Successfully disconnected with process with PID 0
A thread has terminated
Successfully connected with process with PID 0
Successfully disconnected with process with PID 0
A thread has terminated
Successfully connected with process with PID 0
Successfully disconnected with process with PID 0
A thread has terminated
Successfully connected with process with PID 0
Successfully disconnected with process with PID 0
A thread has terminated
Successfully connected with process with PID 0
Successfully disconnected with process with PID 0
A thread has terminated
Successfully connected with process with PID 0
Successfully disconnected with process with PID 0
A thread has terminated
Successfully connected with process with PID 0
Successfully disconnected with process with PID 0
A thread has terminated
Successfully connected with process with PID 0
Successfully disconnected with process with PID 0
A thread has terminated
Successfully connected with process with PID 0
Successfully disconnected with process with PID 0
A thread has terminated
Successfully connected with process with PID 0
Successfully disconnected with process with PID 0
A thread has terminated
Successfully connected with process with PID 0
Successfully disconnected with process with PID 0
A thread has terminated
Successfully connected with process with PID 0
Successfully disconnected with process with PID 0
A thread has terminated
Successfully connected with process with PID 0
Successfully disconnected with process with PID 0
A thread has terminated
Successfully connected with process with PID 0
Successfully disconnected with process with PID 0
A thread has terminated
Successfully connected with process with PID 0
Successfully disconnected with process with PID 0
A thread has terminated
Successfully connected with process with PID 0
Successfully disconnected with process with PID 0
A thread has terminated
Successfully connected with process with PID 0
Successfully disconnected with process with PID 0
A thread has terminated
Successfully connected with process with PID 0
Successfully disconnected with process with PID 0
A thread has terminated
Successfully connected with process with PID 0
Successfully disconnected with process with PID 0
A thread has terminated
Successfully connected with process with PID 0
Successfully disconnected with process with PID 0
A thread has terminated
Successfully connected with process with PID 0
Successfully disconnected with process with PID 0
A thread has terminated
Successfully connected with process with PID 0
Successfully disconnected with process with PID 0
A thread has terminated
Successfully connected with process with PID 0
Successfully disconnected with process with PID 0
A thread has terminated
