[Mon Aug 19 15:01:21 2024](Information)Logging successfully initialized
[Mon Aug 19 15:01:21 2024](Information)Starting dispatcher
[Mon Aug 19 15:01:21 2024](Information)Entering svcMain()
[Mon Aug 19 15:01:21 2024](Information)Control handler registered
[Mon Aug 19 15:01:21 2024](Information)Status SERVICE_START_PENDING
[Mon Aug 19 15:01:21 2024](Information)Service status updated
[Mon Aug 19 15:01:21 2024](Information)Current working directory: C:\Windows\system32
[Mon Aug 19 15:01:21 2024](Information)Service status updated
[Mon Aug 19 15:01:21 2024](Information)Successfully created process for NPServer.exe. Service is running
[Mon Aug 19 15:01:22 2024](Information)Service status updated
[Mon Aug 19 15:01:22 2024](Information)Service is running
[Mon Aug 19 15:01:23 2024](Information)Service status updated
[Mon Aug 19 15:01:23 2024](Information)Service is running
[Mon Aug 19 15:01:24 2024](Information)Service status updated
[Mon Aug 19 15:01:24 2024](Information)Service is running
[Mon Aug 19 15:01:25 2024](Information)Service status updated
[Mon Aug 19 15:01:25 2024](Information)Service is running
[Mon Aug 19 15:01:26 2024](Information)Service status updated
[Mon Aug 19 15:01:26 2024](Information)Service is running
[Mon Aug 19 15:01:27 2024](Information)Service status updated
[Mon Aug 19 15:01:27 2024](Information)Service is running
[Mon Aug 19 15:01:28 2024](Information)Service status updated
[Mon Aug 19 15:01:28 2024](Information)Service is running
[Mon Aug 19 15:01:30 2024](Information)Service status updated
[Mon Aug 19 15:01:30 2024](Information)Service is running
[Mon Aug 19 15:01:31 2024](Information)Service status updated
[Mon Aug 19 15:01:31 2024](Information)Service is running
[Mon Aug 19 15:01:32 2024](Information)Service status updated
[Mon Aug 19 15:01:32 2024](Information)Service is running
[Mon Aug 19 15:01:33 2024](Information)Service status updated
[Mon Aug 19 15:01:33 2024](Information)Service is running
[Mon Aug 19 15:01:34 2024](Information)Service status updated
[Mon Aug 19 15:01:34 2024](Information)Service is running
[Mon Aug 19 15:01:35 2024](Information)Service status updated
[Mon Aug 19 15:01:35 2024](Information)Service is running
[Mon Aug 19 15:01:36 2024](Information)Service status updated
[Mon Aug 19 15:01:36 2024](Information)Service is running
[Mon Aug 19 15:01:37 2024](Information)Service status updated
[Mon Aug 19 15:01:37 2024](Information)Service is running
[Mon Aug 19 15:01:38 2024](Information)Service status updated
[Mon Aug 19 15:01:38 2024](Information)Service is running
[Mon Aug 19 15:01:39 2024](Information)Service status updated
[Mon Aug 19 15:01:39 2024](Information)Service is running
[Mon Aug 19 15:01:40 2024](Information)Service status updated
[Mon Aug 19 15:01:40 2024](Information)Service is running
[Mon Aug 19 15:01:41 2024](Information)Service status updated
[Mon Aug 19 15:01:41 2024](Information)Service is running
[Mon Aug 19 15:01:42 2024](Information)Service status updated
[Mon Aug 19 15:01:42 2024](Information)Service is running
[Mon Aug 19 15:01:43 2024](Information)Service status updated
[Mon Aug 19 15:01:43 2024](Information)Service is running
[Mon Aug 19 15:01:44 2024](Information)Service status updated
[Mon Aug 19 15:01:44 2024](Information)Service is running
[Mon Aug 19 15:01:45 2024](Information)Service status updated
[Mon Aug 19 15:01:45 2024](Information)Service is running
[Mon Aug 19 15:01:46 2024](Information)Service status updated
[Mon Aug 19 15:01:46 2024](Information)Service is running
[Mon Aug 19 15:01:47 2024](Information)Service status updated
[Mon Aug 19 15:01:47 2024](Information)Service is running
[Mon Aug 19 15:01:48 2024](Information)Service status updated
[Mon Aug 19 15:01:48 2024](Information)Service is running
[Mon Aug 19 15:01:49 2024](Information)Service status updated
[Mon Aug 19 15:01:49 2024](Information)Service is running
[Mon Aug 19 15:01:50 2024](Information)Service status updated
[Mon Aug 19 15:01:50 2024](Information)Service is running
[Mon Aug 19 15:01:51 2024](Information)Service status updated
[Mon Aug 19 15:01:51 2024](Information)Service is running
[Mon Aug 19 15:01:52 2024](Information)Service status updated
[Mon Aug 19 15:01:52 2024](Information)Service is running
[Mon Aug 19 15:01:53 2024](Information)Service status updated
[Mon Aug 19 15:01:53 2024](Information)Service is running
[Mon Aug 19 15:01:54 2024](Information)Service status updated
[Mon Aug 19 15:01:54 2024](Information)Service is running
[Mon Aug 19 15:01:55 2024](Information)Service status updated
[Mon Aug 19 15:01:55 2024](Information)Service is running
[Mon Aug 19 15:01:56 2024](Information)Service status updated
[Mon Aug 19 15:01:56 2024](Information)Service is running
[Mon Aug 19 15:01:57 2024](Information)Service status updated
[Mon Aug 19 15:01:57 2024](Information)Service is running
[Mon Aug 19 15:01:58 2024](Information)Service status updated
[Mon Aug 19 15:01:58 2024](Information)Service is running
[Mon Aug 19 15:01:59 2024](Information)Service status updated
[Mon Aug 19 15:01:59 2024](Information)Service is running
[Mon Aug 19 15:02:00 2024](Information)Service status updated
[Mon Aug 19 15:02:00 2024](Information)Service is running
[Mon Aug 19 15:02:01 2024](Information)Service status updated
[Mon Aug 19 15:02:01 2024](Information)Service is running
[Mon Aug 19 15:02:02 2024](Information)Service status updated
[Mon Aug 19 15:02:02 2024](Information)Service is running
[Mon Aug 19 15:02:03 2024](Information)Service status updated
[Mon Aug 19 15:02:03 2024](Information)Service is running
[Mon Aug 19 15:02:04 2024](Information)Service status updated
[Mon Aug 19 15:02:04 2024](Information)Service is running
[Mon Aug 19 15:02:05 2024](Information)Service status updated
[Mon Aug 19 15:02:05 2024](Information)Service is running
[Mon Aug 19 15:02:06 2024](Information)Service status updated
[Mon Aug 19 15:02:06 2024](Information)Service is running
[Mon Aug 19 15:02:07 2024](Information)Service status updated
[Mon Aug 19 15:02:07 2024](Information)Service is running
[Mon Aug 19 15:02:08 2024](Information)Service status updated
[Mon Aug 19 15:02:08 2024](Information)Service is running
[Mon Aug 19 15:02:09 2024](Information)Service status updated
[Mon Aug 19 15:02:09 2024](Information)Service is running
[Mon Aug 19 15:02:10 2024](Information)Service status updated
[Mon Aug 19 15:02:10 2024](Information)Service is running
[Mon Aug 19 15:02:11 2024](Information)Service status updated
[Mon Aug 19 15:02:11 2024](Information)Service is running
[Mon Aug 19 15:02:12 2024](Information)Service status updated
[Mon Aug 19 15:02:12 2024](Information)Service is running
[Mon Aug 19 15:02:13 2024](Information)Service status updated
[Mon Aug 19 15:02:13 2024](Information)Service is running
[Mon Aug 19 15:02:14 2024](Information)Service status updated
[Mon Aug 19 15:02:14 2024](Information)Service is running
[Mon Aug 19 15:02:15 2024](Information)Service status updated
[Mon Aug 19 15:02:15 2024](Information)Service is running
[Mon Aug 19 15:02:16 2024](Information)Service status updated
[Mon Aug 19 15:02:16 2024](Information)Service is running
[Mon Aug 19 15:02:17 2024](Information)Service status updated
[Mon Aug 19 15:02:17 2024](Information)Service is running
[Mon Aug 19 15:02:18 2024](Information)Service status updated
[Mon Aug 19 15:02:18 2024](Information)Service is running
[Mon Aug 19 15:02:19 2024](Information)Service status updated
[Mon Aug 19 15:02:19 2024](Information)Service is running
[Mon Aug 19 15:02:20 2024](Information)Service status updated
[Mon Aug 19 15:02:20 2024](Information)Service is running
[Mon Aug 19 15:02:21 2024](Information)Service status updated
[Mon Aug 19 15:02:21 2024](Information)Service is running
[Mon Aug 19 15:02:22 2024](Information)Service status updated
[Mon Aug 19 15:02:22 2024](Information)Service is running
[Mon Aug 19 15:02:23 2024](Information)Service status updated
[Mon Aug 19 15:02:23 2024](Information)Service is running
[Mon Aug 19 15:02:24 2024](Information)Service status updated
[Mon Aug 19 15:02:24 2024](Information)Service is running
[Mon Aug 19 15:02:25 2024](Information)Service status updated
[Mon Aug 19 15:02:25 2024](Information)Service is running
[Mon Aug 19 15:02:26 2024](Information)Service status updated
[Mon Aug 19 15:02:26 2024](Information)Service is running
[Mon Aug 19 15:02:28 2024](Information)Service status updated
[Mon Aug 19 15:02:28 2024](Information)Service is running
[Mon Aug 19 15:02:29 2024](Information)Service status updated
[Mon Aug 19 15:02:29 2024](Information)Service is running
[Mon Aug 19 15:02:30 2024](Information)Service status updated
[Mon Aug 19 15:02:30 2024](Information)Service is running
[Mon Aug 19 15:02:31 2024](Information)Service status updated
[Mon Aug 19 15:02:31 2024](Information)Service is running
[Mon Aug 19 15:02:32 2024](Information)Service status updated
[Mon Aug 19 15:02:32 2024](Information)Service is running
[Mon Aug 19 15:02:33 2024](Information)Service status updated
[Mon Aug 19 15:02:33 2024](Information)Service is running
[Mon Aug 19 15:02:34 2024](Information)Service status updated
[Mon Aug 19 15:02:34 2024](Information)Service is running
[Mon Aug 19 15:02:35 2024](Information)Service status updated
[Mon Aug 19 15:02:35 2024](Information)Service is running
[Mon Aug 19 15:02:36 2024](Information)Service status updated
[Mon Aug 19 15:02:36 2024](Information)Service is running
[Mon Aug 19 15:02:37 2024](Information)Service status updated
[Mon Aug 19 15:02:37 2024](Information)Service is running
[Mon Aug 19 15:02:38 2024](Information)Service status updated
[Mon Aug 19 15:02:38 2024](Information)Service is running
[Mon Aug 19 15:02:39 2024](Information)Service status updated
[Mon Aug 19 15:02:39 2024](Information)Service is running
[Mon Aug 19 15:02:40 2024](Information)Service status updated
[Mon Aug 19 15:02:40 2024](Information)Service is running
[Mon Aug 19 15:02:41 2024](Information)Service status updated
[Mon Aug 19 15:02:41 2024](Information)Service is running
[Mon Aug 19 15:02:42 2024](Information)Service status updated
[Mon Aug 19 15:02:42 2024](Information)Service is running
[Mon Aug 19 15:02:43 2024](Information)Service status updated
[Mon Aug 19 15:02:43 2024](Information)Service is running
[Mon Aug 19 15:02:44 2024](Information)Service status updated
[Mon Aug 19 15:02:44 2024](Information)Service is running
[Mon Aug 19 15:02:45 2024](Information)Service status updated
[Mon Aug 19 15:02:45 2024](Information)Service is running
[Mon Aug 19 15:02:46 2024](Information)Service status updated
[Mon Aug 19 15:02:46 2024](Information)Service is running
[Mon Aug 19 15:02:47 2024](Information)Service status updated
[Mon Aug 19 15:02:47 2024](Information)Service is running
[Mon Aug 19 15:02:48 2024](Information)Service status updated
[Mon Aug 19 15:02:48 2024](Information)Service is running
[Mon Aug 19 15:02:49 2024](Information)Service status updated
[Mon Aug 19 15:02:49 2024](Information)Service is running
[Mon Aug 19 15:02:50 2024](Information)Service status updated
[Mon Aug 19 15:02:50 2024](Information)Service is running
[Mon Aug 19 15:02:55 2024](Information)Service status updated
[Mon Aug 19 15:02:55 2024](Information)Service is running
[Mon Aug 19 15:02:56 2024](Information)Service status updated
[Mon Aug 19 15:02:56 2024](Information)Service is running
[Mon Aug 19 15:02:57 2024](Information)Service status updated
[Mon Aug 19 15:02:57 2024](Information)Service is running
[Mon Aug 19 15:02:58 2024](Information)Service status updated
[Mon Aug 19 15:02:58 2024](Information)Service is running
[Mon Aug 19 15:02:59 2024](Information)Service status updated
[Mon Aug 19 15:02:59 2024](Information)Service is running
[Mon Aug 19 15:03:00 2024](Information)Service status updated
[Mon Aug 19 15:03:00 2024](Information)Service is running
[Mon Aug 19 15:03:01 2024](Information)Service process has shut down.
[Mon Aug 19 15:03:01 2024](Information)Server threads shut down
[Mon Aug 19 15:03:01 2024](Information)Set SERVICE_STOPPED status
[Mon Aug 19 15:03:01 2024](Information)Service status updated
[Mon Aug 19 15:03:01 2024](Information)Status set to SERVICE_STOPPED
[Mon Aug 19 15:03:01 2024](Information)Logging successfully closed
